CRITICAL - 2022-06-06 08:04:44 --> Trying to access array offset on value of type null
#0 C:\xampp\htdocs\codeigniter_practice\ci4\app\Views\crud_view.php(56): CodeIgniter\Debug\Exceptions->errorHandler(8, 'Trying to acces...', 'C:\\xampp\\htdocs...', 56, Array)
#1 C:\xampp\htdocs\codeigniter_practice\ci4\system\View\View.php(210): include('C:\\xampp\\htdocs...')
#2 C:\xampp\htdocs\codeigniter_practice\ci4\system\View\View.php(213): CodeIgniter\View\View->CodeIgniter\View\{closure}()
#3 C:\xampp\htdocs\codeigniter_practice\ci4\system\Common.php(1089): CodeIgniter\View\View->render('crud_view', Array, true)
#4 C:\xampp\htdocs\codeigniter_practice\ci4\app\Controllers\Crud.php(19): view('crud_view', Array)
#5 C:\xampp\htdocs\codeigniter_practice\ci4\system\CodeIgniter.php(832): App\Controllers\Crud->index()
#6 C:\xampp\htdocs\codeigniter_practice\ci4\system\CodeIgniter.php(419): CodeIgniter\CodeIgniter->runController(Object(App\Controllers\Crud))
#7 C:\xampp\htdocs\codeigniter_practice\ci4\system\CodeIgniter.php(326): CodeIgniter\CodeIgniter->handleRequest(NULL, Object(Config\Cache), false)
#8 C:\xampp\htdocs\codeigniter_practice\ci4\index.php(37): CodeIgniter\CodeIgniter->run()
#9 {main}
CRITICAL - 2022-06-06 08:04:48 --> Trying to access array offset on value of type null
#0 C:\xampp\htdocs\codeigniter_practice\ci4\app\Views\crud_view.php(56): CodeIgniter\Debug\Exceptions->errorHandler(8, 'Trying to acces...', 'C:\\xampp\\htdocs...', 56, Array)
#1 C:\xampp\htdocs\codeigniter_practice\ci4\system\View\View.php(210): include('C:\\xampp\\htdocs...')
#2 C:\xampp\htdocs\codeigniter_practice\ci4\system\View\View.php(213): CodeIgniter\View\View->CodeIgniter\View\{closure}()
#3 C:\xampp\htdocs\codeigniter_practice\ci4\system\Common.php(1089): CodeIgniter\View\View->render('crud_view', Array, true)
#4 C:\xampp\htdocs\codeigniter_practice\ci4\app\Controllers\Crud.php(19): view('crud_view', Array)
#5 C:\xampp\htdocs\codeigniter_practice\ci4\system\CodeIgniter.php(832): App\Controllers\Crud->index()
#6 C:\xampp\htdocs\codeigniter_practice\ci4\system\CodeIgniter.php(419): CodeIgniter\CodeIgniter->runController(Object(App\Controllers\Crud))
#7 C:\xampp\htdocs\codeigniter_practice\ci4\system\CodeIgniter.php(326): CodeIgniter\CodeIgniter->handleRequest(NULL, Object(Config\Cache), false)
#8 C:\xampp\htdocs\codeigniter_practice\ci4\index.php(37): CodeIgniter\CodeIgniter->run()
#9 {main}
CRITICAL - 2022-06-06 13:15:09 --> Undefined variable: crudModel
#0 C:\xampp\htdocs\codeigniter_practice\ci4\app\Controllers\Crud.php(53): CodeIgniter\Debug\Exceptions->errorHandler(8, 'Undefined varia...', 'C:\\xampp\\htdocs...', 53, Array)
#1 C:\xampp\htdocs\codeigniter_practice\ci4\system\CodeIgniter.php(832): App\Controllers\Crud->add_validation()
#2 C:\xampp\htdocs\codeigniter_practice\ci4\system\CodeIgniter.php(419): CodeIgniter\CodeIgniter->runController(Object(App\Controllers\Crud))
#3 C:\xampp\htdocs\codeigniter_practice\ci4\system\CodeIgniter.php(326): CodeIgniter\CodeIgniter->handleRequest(NULL, Object(Config\Cache), false)
#4 C:\xampp\htdocs\codeigniter_practice\ci4\index.php(37): CodeIgniter\CodeIgniter->run()
#5 {main}
CRITICAL - 2022-06-06 13:17:36 --> Undefined variable: session
#0 C:\xampp\htdocs\codeigniter_practice\ci4\app\Controllers\Crud.php(61): CodeIgniter\Debug\Exceptions->errorHandler(8, 'Undefined varia...', 'C:\\xampp\\htdocs...', 61, Array)
#1 C:\xampp\htdocs\codeigniter_practice\ci4\system\CodeIgniter.php(832): App\Controllers\Crud->add_validation()
#2 C:\xampp\htdocs\codeigniter_practice\ci4\system\CodeIgniter.php(419): CodeIgniter\CodeIgniter->runController(Object(App\Controllers\Crud))
#3 C:\xampp\htdocs\codeigniter_practice\ci4\system\CodeIgniter.php(326): CodeIgniter\CodeIgniter->handleRequest(NULL, Object(Config\Cache), false)
#4 C:\xampp\htdocs\codeigniter_practice\ci4\index.php(37): CodeIgniter\CodeIgniter->run()
#5 {main}
